<?xml version="1.0" encoding="UTF-8"?>
<!-- Generated by org.testng.reporters.JUnitReportReporter -->
<testsuite hostname="ip-10-10-10-215.ap-south-1.compute.internal" failures="0" tests="1" name="testCases.TC002_AERegistrationTest" time="6.564" errors="0" timestamp="2025-07-31T15:45:14 IST" skipped="0">
  <testcase classname="testCases.TC002_AERegistrationTest" name="VerifyAccount" time="6.564"/>
</testsuite> <!-- testCases.TC002_AERegistrationTest -->
