<?xml version="1.0" encoding="UTF-8"?>
<!-- Generated by org.testng.reporters.JUnitReportReporter -->
<testsuite hostname="ip-10-10-10-227.ap-south-1.compute.internal" failures="0" tests="1" name="testCases.TC001_AERegistrationTest" time="5.578" errors="0" timestamp="2025-07-11T12:38:32 IST" skipped="0">
  <testcase classname="testCases.TC001_AERegistrationTest" name="VerifyAccount" time="5.578"/>
</testsuite> <!-- testCases.TC001_AERegistrationTest -->
