<?xml version="1.0" encoding="UTF-8"?>
<!-- Generated by org.testng.reporters.JUnitReportReporter -->
<testsuite hostname="ip-10-10-10-215.ap-south-1.compute.internal" failures="0" tests="1" name="testCases.TC001_AELoginTest" time="3.593" errors="0" timestamp="2025-07-31T15:45:14 IST" skipped="0">
  <testcase classname="testCases.TC001_AELoginTest" name="verify_Logiin" time="3.593"/>
</testsuite> <!-- testCases.TC001_AELoginTest -->
